Drill report for dp-aux-intercept.kicad_pcb
Created on Mon Aug  1 15:26:05 2016

Copper Layer Stackup:
    =============================================================
    L1 :  F.Cu                      front
    L2 :  In1.Cu                    inner1
    L3 :  In2.Cu                    inner2
    L4 :  B.Cu                      back


Drill file 'dp-aux-intercept.drl' contains
    plated through holes:
    =============================================================
    T1  0.30mm  0.012"  (274 holes)
    T2  0.55mm  0.022"  (40 holes)
    T3  0.60mm  0.024"  (8 holes)  (with 8 slots)
    T4  1.02mm  0.040"  (44 holes)

    Total plated holes count 366


Drill file 'dp-aux-intercept-NPTH.drl' contains
    unplated through holes:
    =============================================================
    T1  1.40mm  0.055"  (2 holes)

    Total unplated holes count 2
